<?xml version="1.0" encoding="UTF-8"?>
<coverage generated="1634304908050" clover="3.2.0">
  <project timestamp="1634304908051" name="All files">
    <metrics statements="10" coveredstatements="6" conditionals="1" coveredconditionals="1" methods="1" coveredmethods="1" elements="12" coveredelements="8" complexity="0" loc="10" ncloc="10" packages="1" files="1" classes="1"/>
    <file name="init.js" path="/home/kuznevia/smitthy/Projects/frontend-project-lvl3/src/init.js">
      <metrics statements="10" coveredstatements="6" conditionals="1" coveredconditionals="1" methods="1" coveredmethods="1"/>
      <line num="1" count="1" type="cond" truecount="1" falsecount="0"/>
      <line num="2" count="1" type="stmt"/>
      <line num="3" count="1" type="stmt"/>
      <line num="4" count="0" type="stmt"/>
      <line num="5" count="0" type="stmt"/>
      <line num="6" count="0" type="stmt"/>
      <line num="7" count="0" type="stmt"/>
      <line num="8" count="1" type="stmt"/>
      <line num="9" count="1" type="stmt"/>
      <line num="10" count="1" type="stmt"/>
    </file>
  </project>
</coverage>
