{"/home/kuznevia/smitthy/Projects/frontend-project-lvl3/src/init.js": {"path":"/home/kuznevia/smitthy/Projects/frontend-project-lvl3/src/init.js","all":false,"statementMap":{"0":{"start":{"line":1,"column":0},"end":{"line":1,"column":20}},"1":{"start":{"line":2,"column":0},"end":{"line":2,"column":51}},"2":{"start":{"line":3,"column":0},"end":{"line":3,"column":42}},"3":{"start":{"line":4,"column":0},"end":{"line":4,"column":23}},"4":{"start":{"line":5,"column":0},"end":{"line":5,"column":44}},"5":{"start":{"line":6,"column":0},"end":{"line":6,"column":37}},"6":{"start":{"line":7,"column":0},"end":{"line":7,"column":5}},"7":{"start":{"line":8,"column":0},"end":{"line":8,"column":2}},"8":{"start":{"line":9,"column":0},"end":{"line":9,"column":0}},"9":{"start":{"line":10,"column":0},"end":{"line":10,"column":20}}},"s":{"0":1,"1":1,"2":1,"3":0,"4":0,"5":0,"6":0,"7":1,"8":1,"9":1},"branchMap":{"0":{"type":"branch","line":1,"loc":{"start":{"line":1,"column":13},"end":{"line":8,"column":2}},"locations":[{"start":{"line":1,"column":13},"end":{"line":8,"column":2}}]}},"b":{"0":[1]},"fnMap":{"0":{"name":"init","decl":{"start":{"line":1,"column":13},"end":{"line":8,"column":2}},"loc":{"start":{"line":1,"column":13},"end":{"line":8,"column":2}},"line":1}},"f":{"0":1}}
}
