{"/home/kuznevia/smitthy/Projects/frontend-project-lvl3/src/init.js": {"path":"/home/kuznevia/smitthy/Projects/frontend-project-lvl3/src/init.js","statementMap":{"0":{"start":{"line":1,"column":21},"end":{"line":1,"column":42}}},"fnMap":{"0":{"name":"(anonymous_0)","decl":{"start":{"line":1,"column":15},"end":{"line":1,"column":16}},"loc":{"start":{"line":1,"column":21},"end":{"line":1,"column":42}},"line":1}},"branchMap":{},"s":{"0":1},"f":{"0":1},"b":{},"_coverageSchema":"1a1c01bbd47fc00a2c39e90264f33305004495a9","hash":"a84c1863ea3e76e3db9c8ec78fa34f559bc50627"}
}
